
> nubmail@0.1.0 build
> NODE_ENV=production next build

▲ Next.js 16.2.4 (Turbopack)
- Environments: .env

⚠ The "middleware" file convention is deprecated. Please use "proxy" instead. Learn more: https://nextjs.org/docs/messages/middleware-to-proxy
  Creating an optimized production build ...

> Build error occurred
Error: Turbopack build failed with 1 errors:
./src/components/ui/sidebar.module.css
Error evaluating Node.js code
CssSyntaxError: /app/src/components/ui/sidebar.module.css:14:3: @apply should not be used with the 'peer' utility
    at Input.error (node_modules/postcss/lib/input.js:135:16) [/app/.next/build/chunks/node_modules_13sb.px._.js:4692:22]
    at error (node_modules/postcss/lib/node.js:146:32) [/app/.next/build/chunks/node_modules_13sb.px._.js:954:38]
    [at processApply (/app/node_modules/tailwindcss/lib/lib/expandApplyAtRules.js:377:29)]
    [at /app/node_modules/tailwindcss/lib/lib/expandApplyAtRules.js:551:9]
    [at /app/node_modules/tailwindcss/lib/processTailwindFeatures.js:55:50]
    [at process.processTicksAndRejections (node:internal/process/task_queues:103:5)]
    [at async plugins (/app/node_modules/tailwindcss/lib/plugin.js:38:17)]
    at async LazyResult.runAsync (node_modules/postcss/lib/lazy-result.js:293:11) [/app/.next/build/chunks/node_modules_13sb.px._.js:6255:21]
    at async transform (turbopack:///[turbopack-node]/transforms/postcss.ts:70:34) [/app/.next/build/chunks/[root-of-the-server]__0d-m0h0._.js:146:36]
    at async run (turbopack:///[turbopack-node]/child_process/evaluate.ts:89:23) [/app/.next/build/chunks/[root-of-the-server]__0ubbtyl._.js:443:31]

Import traces:
  Client Component Browser:
    ./src/components/ui/sidebar.module.css [Client Component Browser]
    ./src/components/ui/sidebar.tsx [Client Component Browser]
    ./src/components/ui/sidebar.tsx [Server Component]
    ./src/app/dashboard/layout.tsx [Server Component]

  Client Component SSR:
    ./src/components/ui/sidebar.module.css [Client Component SSR]
    ./src/components/ui/sidebar.tsx [Client Component SSR]
    ./src/components/ui/sidebar.tsx [Server Component]
    ./src/app/dashboard/layout.tsx [Server Component]


    at async transform (turbopack:///[turbopack-node]/transforms/postcss.ts:70:34) [/app/.next/build/chunks/[root-of-the-server]__0d-m0h0._.js:146:36])
    at async run (turbopack:///[turbopack-node]/child_process/evaluate.ts:89:23) [/app/.next/build/chunks/[root-of-the-server]__0ubbtyl._.js:443:31])
npm notice
npm notice New major version of npm available! 10.9.7 -> 11.14.1
npm notice Changelog: https://github.com/npm/cli/releases/tag/v11.14.1
npm notice To update run: npm install -g npm@11.14.1
npm notice
